\BOOKMARK [1][-]{section.1}{Appointment}{}% 1
\BOOKMARK [1][-]{section.2}{Date}{}% 2
\BOOKMARK [1][-]{section.3}{Doctor}{}% 3
\BOOKMARK [1][-]{section.4}{Hospital}{}% 4
\BOOKMARK [1][-]{section.5}{HospitalTreatment}{}% 5
\BOOKMARK [1][-]{section.6}{MedicalAssociated}{}% 6
\BOOKMARK [1][-]{section.7}{Medicament}{}% 7
\BOOKMARK [1][-]{section.8}{NormalDoctor}{}% 8
\BOOKMARK [1][-]{section.9}{OtherMedicalAssociated}{}% 9
\BOOKMARK [1][-]{section.10}{Patient}{}% 10
\BOOKMARK [1][-]{section.11}{Person}{}% 11
\BOOKMARK [1][-]{section.12}{Prescription}{}% 12
\BOOKMARK [1][-]{section.13}{SafetyNetHospital}{}% 13
\BOOKMARK [1][-]{section.14}{Schedule}{}% 14
\BOOKMARK [1][-]{section.15}{Specialty}{}% 15
\BOOKMARK [1][-]{section.16}{Surgeon}{}% 16
\BOOKMARK [1][-]{section.17}{Surgery}{}% 17
\BOOKMARK [1][-]{section.18}{Task}{}% 18
\BOOKMARK [1][-]{section.19}{Training}{}% 19
\BOOKMARK [1][-]{section.20}{Urgencies}{}% 20
